make all --print-data-base --no-builtin-variables --no-builtin-rules --question
# GNU Make 3.81
# Copyright (C) 2006  Free Software Foundation, Inc.
# This is free software; see the source for copying conditions.
# There is NO warranty; not even for MERCHANTABILITY or FITNESS FOR A
# PARTICULAR PURPOSE.

# This program built for i386-apple-darwin11.3.0
 

# Make data base, printed on Mon May 30 15:26:01 2022
 

# Variables

# automatic
<D = $(patsubst %/,%,$(dir $<))
# automatic
?F = $(notdir $?)
# makefile (from `Makefile', line 20)
RM_DIR = rm -rf
# environment
VSCODE_LOG_NATIVE = false
# environment
NVM_INC = /Users/briffard/.nvm/versions/node/v18.0.0/include/node
# automatic
?D = $(patsubst %/,%,$(dir $?))
# automatic
@D = $(patsubst %/,%,$(dir $@))
# automatic
@F = $(notdir $@)
# makefile
CURDIR := /Users/briffard/Desktop/libft
# makefile
SHELL = /bin/sh
# makefile (from `Makefile', line 21)
RM = rm	-f
# environment
VSCODE_NLS_CONFIG = {"locale":"en-us","availableLanguages":{},"_languagePackSupport":true}
# environment
_ = /usr/bin/make
# makefile (from `Makefile', line 1)
MAKEFILE_LIST :=  Makefile
# makefile (from `Makefile', line 49)
OBJ_DIR = ./objectFiles/
# environment
VSCODE_VERBOSE_LOGGING = true
# makefile (from `Makefile', line 50)
OBJS = $(addprefix $(OBJ_DIR), $(FILES:%.c=%.o))
# environment
VSCODE_IPC_HOOK_EXTHOST = /var/folders/zz/zyxvpxvq6csfxvn_n0000l580004s_/T/vscode-ipc-8a358c6b-b6fa-434c-b0f0-7c05497f3e61.sock
# environment
VSCODE_CWD = /
# environment
Apple_PubSub_Socket_Render = /private/tmp/com.apple.launchd.vVvTFmv3gY/Render
# environment
PATH = /Users/briffard/.nvm/versions/node/v18.0.0/bin:/Users/briffard/.brew/bin:/opt/homebrew/bin:/usr/local/bin:/usr/bin:/bin:/usr/sbin:/sbin:/usr/local/munki
# environment
LSCOLORS = Gxfxcxdxbxegedabagacad
# environment
NVM_BIN = /Users/briffard/.nvm/versions/node/v18.0.0/bin
# environment
VSCODE_LOG_STACK = false
# environment
ELECTRON_RUN_AS_NODE = 1
# default
.FEATURES := target-specific order-only second-expansion else-if archives jobserver check-symlink
# environment
SSH_AUTH_SOCK = /private/tmp/com.apple.launchd.svbxoiI42E/Listeners
# automatic
%F = $(notdir $%)
# environment
VSCODE_PIPE_LOGGING = true
# environment
PWD = /Users/briffard/Desktop/libft
# environment
ORIGINAL_XDG_CURRENT_DESKTOP = undefined
# environment
VSCODE_AMD_ENTRYPOINT = vs/workbench/api/node/extensionHostProcess
# environment
HOME = /Users/briffard
# default
MAKEFILEPATH := /Applications/Xcode.app/Contents/Developer/Makefiles
# environment
VSCODE_CODE_CACHE_PATH = /Users/briffard/Library/Application Support/Code/CachedData/c3511e6c69bb39013c4a4b7b9566ec1ca73fc4d5
# environment
LOGNAME = briffard
# environment
APPLICATION_INSIGHTS_NO_DIAGNOSTIC_CHANNEL = 1
# environment
NVM_CD_FLAGS = -q
# environment
ZSH = /Users/briffard/.oh-my-zsh
# environment
VSCODE_HANDLES_UNCAUGHT_ERRORS = true
# automatic
^D = $(patsubst %/,%,$(dir $^))
# environment
XPC_FLAGS = 0x0
# default
MAKE = $(MAKE_COMMAND)
# default
MAKECMDGOALS := all
# environment
SHLVL = 1
# makefile (from `Makefile', line 16)
CC = gcc
# default
MAKE_VERSION := 3.81
# environment
USER = briffard
# makefile
.DEFAULT_GOAL := all
# makefile (from `Makefile', line 17)
CCFLAGS = -Werror -Wextra -Wall -Iincludes  -g
# makefile (from `Makefile', line 13)
NAME = libft.a
# environment
LESS = -R
# automatic
%D = $(patsubst %/,%,$(dir $%))
# default
MAKE_COMMAND := /Applications/Xcode.app/Contents/Developer/usr/bin/make
# default
.VARIABLES := 
# environment
TMPDIR = /var/folders/zz/zyxvpxvq6csfxvn_n0000l580004s_/T/
# automatic
*F = $(notdir $*)
# environment
VSCODE_IPC_HOOK = /Users/briffard/Library/Application Support/Code/1.67.2-main.sock
# makefile
MAKEFLAGS = Rrqp
# environment
MFLAGS = -Rrqp
# automatic
*D = $(patsubst %/,%,$(dir $*))
# environment
NVM_DIR = /Users/briffard/.nvm
# environment
XPC_SERVICE_NAME = com.apple.xpc.launchd.oneshot.0x10000002.Electron
# automatic
+D = $(patsubst %/,%,$(dir $+))
# automatic
+F = $(notdir $+)
# environment
__CF_USER_TEXT_ENCODING = 0x132A:0x0:0x0
# environment
COMMAND_MODE = unix2003
# default
MAKEFILES := 
# makefile (from `Makefile', line 24)
SRC_DIR = ./srcs/
# automatic
<F = $(notdir $<)
# environment
PAGER = less
# environment
LC_ALL = C
# environment
SECURITYSESSIONID = 186a7
# automatic
^F = $(notdir $^)
# default
SUFFIXES := 
# default
.INCLUDE_DIRS = /usr/local/include
# environment
MAKELEVEL := 0
# environment
LANG = C
# environment
VSCODE_PID = 1752
# makefile (from `Makefile', line 25)
FILES = ft_putchar.c	ft_putchar_fd.c		ft_putendl.c		ft_tolower.c ft_putendl_fd.c		ft_putnbr.c			ft_putnbr_fd.c		ft_toupper.c ft_putstr.c			ft_putstr_fd.c		ft_strlen.c			ft_atoi.c ft_isalpha.c		ft_itoa.c			ft_strjoin.c		ft_bzero.c ft_isalnum.c		ft_isascii.c		ft_isdigit.c		ft_isprint.c ft_memccpy.c		ft_strnew.c			ft_memcpy.c			ft_memset.c ft_strcat.c			ft_strchr.c			ft_strcmp.c			ft_strcpy.c ft_strdup.c			ft_strlcat.c		ft_strncat.c		ft_strncmp.c ft_strncpy.c		ft_strnstr.c		ft_strrchr.c		ft_strstr.c ft_strequ.c			ft_strnequ.c		ft_strtrim.c		ft_isspace.c ft_strclr.c			ft_strdel.c			ft_strsub.c			ft_striter.c ft_striteri.c		ft_memalloc.c		ft_memchr.c			ft_memcmp.c ft_memdel.c			ft_memmove.c		ft_strmapi.c		ft_strmap.c ft_strsplit.c		ft_cleanstr.c		ft_lstnew.c			ft_lstadd.c ft_lstdelone.c		ft_lstdel.c			ft_color.c ft_putstrcolor.c	ft_putcharcolor.c	ft_printbits.c ft_numlength.c		ft_randomnbr.c 		ft_display_file.c ft_get_next_line.c		ft_swap.c		ft_abs_float.c		ft_isupper.c ft_u_itoa.c 		ft_ll_itoa.c		ft_l_itoa.c		ft_u_short_itoa.c ft_abs_int.c 		ft_uitoa_base.c 	ft_reversestr.c ft_charjoin.c 		ft_strtoupper.c		ft_strtoupper.c ft_isdoubleneg.c	ft_isintneg.c 		ft_strjoin_replace.c 
# variable set hash-table stats:
# Load=80/1024=8%, Rehash=0, Collisions=4/116=3%

# Pattern-specific Variable Values

# No pattern-specific variable values.
 

# Directories

# . (device 16777227, inode 1399373): 12 files, no impossibilities.
# ./srcs (device 16777227, inode 2732052): 39 files, no impossibilities so far.
# srcs (device 16777227, inode 2732052): 39 files, no impossibilities so far.

# 90 files, no impossibilities in 3 directories.

# Implicit Rules

objectFiles/%.o: ./srcs/%.c
#  commands to execute (from `Makefile', line 61):
	@mkdir -p $(OBJ_DIR)
	@$(CC) $(CCFLAGS) -o $@ -c $<
	

# 1 implicit rules, 0 (0.0%) terminal.

# Files

# Not a target:
objectFiles/ft_l_itoa.o:
#  Implicit rule search has not been done.
#  Modification time never checked.
#  File has not been updated.

# Not a target:
objectFiles/ft_lstdel.o:
#  Implicit rule search has not been done.
#  Modification time never checked.
#  File has not been updated.

# Not a target:
objectFiles/ft_strdel.o:
#  Implicit rule search has not been done.
#  Modification time never checked.
#  File has not been updated.

# Not a target:
objectFiles/ft_putstrcolor.o:
#  Implicit rule search has not been done.
#  Modification time never checked.
#  File has not been updated.

# Not a target:
objectFiles/ft_strsub.o:
#  Implicit rule search has not been done.
#  Modification time never checked.
#  File has not been updated.

# Not a target:
objectFiles/ft_lstadd.o:
#  Implicit rule search has not been done.
#  Modification time never checked.
#  File has not been updated.

# Not a target:
objectFiles/ft_strncpy.o:
#  Implicit rule search has not been done.
#  Modification time never checked.
#  File has not been updated.

# Not a target:
objectFiles/ft_strncmp.o:
#  Implicit rule search has not been done.
#  Modification time never checked.
#  File has not been updated.

all: libft.a
#  Command-line target.
#  Implicit rule search has been done.
#  File does not exist.
#  File has been updated.
#  Needs to be updated (-q is set).
# variable set hash-table stats:
# Load=0/32=0%, Rehash=0, Collisions=0/5=0%

# Not a target:
objectFiles/ft_strcpy.o:
#  Implicit rule search has not been done.
#  Modification time never checked.
#  File has not been updated.

# Not a target:
objectFiles/ft_isalnum.o:
#  Implicit rule search has not been done.
#  Modification time never checked.
#  File has not been updated.

# Not a target:
objectFiles/ft_putcharcolor.o:
#  Implicit rule search has not been done.
#  Modification time never checked.
#  File has not been updated.

# Not a target:
objectFiles/ft_strcmp.o:
#  Implicit rule search has not been done.
#  Modification time never checked.
#  File has not been updated.

# Not a target:
objectFiles/ft_abs_float.o:
#  Implicit rule search has not been done.
#  Modification time never checked.
#  File has not been updated.

# Not a target:
objectFiles/ft_strdup.o:
#  Implicit rule search has not been done.
#  Modification time never checked.
#  File has not been updated.

# Not a target:
objectFiles/ft_lstdelone.o:
#  Implicit rule search has not been done.
#  Modification time never checked.
#  File has not been updated.

# Not a target:
objectFiles/ft_memmove.o:
#  Implicit rule search has not been done.
#  Modification time never checked.
#  File has not been updated.

# Not a target:
objectFiles/ft_isupper.o:
#  Implicit rule search has not been done.
#  Modification time never checked.
#  File has not been updated.

# Not a target:
objectFiles/ft_u_short_itoa.o:
#  Implicit rule search has not been done.
#  Modification time never checked.
#  File has not been updated.

# Not a target:
objectFiles/ft_strchr.o:
#  Implicit rule search has not been done.
#  Modification time never checked.
#  File has not been updated.

# Not a target:
objectFiles/ft_strnew.o:
#  Implicit rule search has not been done.
#  Modification time never checked.
#  File has not been updated.

# Not a target:
objectFiles/ft_toupper.o:
#  Implicit rule search has not been done.
#  Modification time never checked.
#  File has not been updated.

# Not a target:
objectFiles/ft_strmap.o:
#  Implicit rule search has not been done.
#  Modification time never checked.
#  File has not been updated.

# Not a target:
objectFiles/ft_strnstr.o:
#  Implicit rule search has not been done.
#  Modification time never checked.
#  File has not been updated.

# Not a target:
objectFiles/ft_atoi.o:
#  Implicit rule search has not been done.
#  Modification time never checked.
#  File has not been updated.

# Not a target:
objectFiles/ft_putstr_fd.o:
#  Implicit rule search has not been done.
#  Modification time never checked.
#  File has not been updated.

# Not a target:
.SUFFIXES:
#  Implicit rule search has not been done.
#  Modification time never checked.
#  File has not been updated.

# Not a target:
objectFiles/ft_memccpy.o:
#  Implicit rule search has not been done.
#  Modification time never checked.
#  File has not been updated.

# Not a target:
objectFiles/ft_strstr.o:
#  Implicit rule search has not been done.
#  Modification time never checked.
#  File has not been updated.

# Not a target:
objectFiles/ft_randomnbr.o:
#  Implicit rule search has not been done.
#  Modification time never checked.
#  File has not been updated.

# Not a target:
Makefile:
#  Implicit rule search has been done.
#  Last modified 2022-05-05 11:21:49
#  File has been updated.
#  Successfully updated.
# variable set hash-table stats:
# Load=0/32=0%, Rehash=0, Collisions=0/0=0%

# Not a target:
objectFiles/ft_strnequ.o:
#  Implicit rule search has not been done.
#  Modification time never checked.
#  File has not been updated.

# Not a target:
objectFiles/ft_numlength.o:
#  Implicit rule search has not been done.
#  Modification time never checked.
#  File has not been updated.

# Not a target:
objectFiles/ft_color.o:
#  Implicit rule search has not been done.
#  Modification time never checked.
#  File has not been updated.

libft.a: objectFiles/ft_putchar.o objectFiles/ft_putchar_fd.o objectFiles/ft_putendl.o objectFiles/ft_tolower.o objectFiles/ft_putendl_fd.o objectFiles/ft_putnbr.o objectFiles/ft_putnbr_fd.o objectFiles/ft_toupper.o objectFiles/ft_putstr.o objectFiles/ft_putstr_fd.o objectFiles/ft_strlen.o objectFiles/ft_atoi.o objectFiles/ft_isalpha.o objectFiles/ft_itoa.o objectFiles/ft_strjoin.o objectFiles/ft_bzero.o objectFiles/ft_isalnum.o objectFiles/ft_isascii.o objectFiles/ft_isdigit.o objectFiles/ft_isprint.o objectFiles/ft_memccpy.o objectFiles/ft_strnew.o objectFiles/ft_memcpy.o objectFiles/ft_memset.o objectFiles/ft_strcat.o objectFiles/ft_strchr.o objectFiles/ft_strcmp.o objectFiles/ft_strcpy.o objectFiles/ft_strdup.o objectFiles/ft_strlcat.o objectFiles/ft_strncat.o objectFiles/ft_strncmp.o objectFiles/ft_strncpy.o objectFiles/ft_strnstr.o objectFiles/ft_strrchr.o objectFiles/ft_strstr.o objectFiles/ft_strequ.o objectFiles/ft_strnequ.o objectFiles/ft_strtrim.o objectFiles/ft_isspace.o objectFiles/ft_strclr.o objectFiles/ft_strdel.o objectFiles/ft_strsub.o objectFiles/ft_striter.o objectFiles/ft_striteri.o objectFiles/ft_memalloc.o objectFiles/ft_memchr.o objectFiles/ft_memcmp.o objectFiles/ft_memdel.o objectFiles/ft_memmove.o objectFiles/ft_strmapi.o objectFiles/ft_strmap.o objectFiles/ft_strsplit.o objectFiles/ft_cleanstr.o objectFiles/ft_lstnew.o objectFiles/ft_lstadd.o objectFiles/ft_lstdelone.o objectFiles/ft_lstdel.o objectFiles/ft_color.o objectFiles/ft_putstrcolor.o objectFiles/ft_putcharcolor.o objectFiles/ft_printbits.o objectFiles/ft_numlength.o objectFiles/ft_randomnbr.o objectFiles/ft_display_file.o objectFiles/ft_get_next_line.o objectFiles/ft_swap.o objectFiles/ft_abs_float.o objectFiles/ft_isupper.o objectFiles/ft_u_itoa.o objectFiles/ft_ll_itoa.o objectFiles/ft_l_itoa.o objectFiles/ft_u_short_itoa.o objectFiles/ft_abs_int.o objectFiles/ft_uitoa_base.o objectFiles/ft_reversestr.o objectFiles/ft_charjoin.o objectFiles/ft_strtoupper.o objectFiles/ft_strtoupper.o objectFiles/ft_isdoubleneg.o objectFiles/ft_isintneg.o objectFiles/ft_strjoin_replace.o
#  Implicit rule search has not been done.
#  File does not exist.
#  File has been updated.
#  Needs to be updated (-q is set).
# variable set hash-table stats:
# Load=0/32=0%, Rehash=0, Collisions=0/5=0%
#  commands to execute (from `Makefile', line 55):
 
	@echo "Creation of libft"
	@ar rcs $(NAME) $(OBJS)
	@echo "Libft created."
	@ranlib $(NAME)
	

# Not a target:
objectFiles/ft_putchar_fd.o:
#  Implicit rule search has not been done.
#  Modification time never checked.
#  File has not been updated.

# Not a target:
objectFiles/ft_putnbr_fd.o:
#  Implicit rule search has not been done.
#  Modification time never checked.
#  File has not been updated.

# Not a target:
objectFiles/ft_strtrim.o:
#  Implicit rule search has not been done.
#  Modification time never checked.
#  File has not been updated.

# Not a target:
objectFiles/ft_putnbr.o:
#  Implicit rule search has not been done.
#  Modification time never checked.
#  File has not been updated.

# Not a target:
objectFiles/ft_memdel.o:
#  Implicit rule search has not been done.
#  Modification time never checked.
#  File has not been updated.

# Not a target:
objectFiles/ft_uitoa_base.o:
#  Implicit rule search has not been done.
#  Modification time never checked.
#  File has not been updated.

# Not a target:
objectFiles/ft_printbits.o:
#  Implicit rule search has not been done.
#  Modification time never checked.
#  File has not been updated.

# Not a target:
objectFiles/ft_strequ.o:
#  Implicit rule search has not been done.
#  Modification time never checked.
#  File has not been updated.

# Not a target:
objectFiles/ft_putendl_fd.o:
#  Implicit rule search has not been done.
#  Modification time never checked.
#  File has not been updated.

# Not a target:
objectFiles/ft_strmapi.o:
#  Implicit rule search has not been done.
#  Modification time never checked.
#  File has not been updated.

# Not a target:
objectFiles/ft_strclr.o:
#  Implicit rule search has not been done.
#  Modification time never checked.
#  File has not been updated.

# Not a target:
objectFiles/ft_u_itoa.o:
#  Implicit rule search has not been done.
#  Modification time never checked.
#  File has not been updated.

fclean: clean
#  Implicit rule search has not been done.
#  Modification time never checked.
#  File has not been updated.
#  commands to execute (from `Makefile', line 69):
	@$(RM) $(NAME)
	@echo "LIBFT: libft.a file has been deleted"
	

# Not a target:
objectFiles/ft_memcpy.o:
#  Implicit rule search has not been done.
#  Modification time never checked.
#  File has not been updated.

# Not a target:
objectFiles/ft_itoa.o:
#  Implicit rule search has not been done.
#  Modification time never checked.
#  File has not been updated.

# Not a target:
objectFiles/ft_strtoupper.o:
#  Implicit rule search has not been done.
#  Modification time never checked.
#  File has not been updated.

# Not a target:
objectFiles/ft_memcmp.o:
#  Implicit rule search has not been done.
#  Modification time never checked.
#  File has not been updated.

# Not a target:
objectFiles/ft_strlen.o:
#  Implicit rule search has not been done.
#  Modification time never checked.
#  File has not been updated.

# Not a target:
objectFiles/ft_isdigit.o:
#  Implicit rule search has not been done.
#  Modification time never checked.
#  File has not been updated.

# Not a target:
objectFiles/ft_isspace.o:
#  Implicit rule search has not been done.
#  Modification time never checked.
#  File has not been updated.

# Not a target:
objectFiles/ft_memchr.o:
#  Implicit rule search has not been done.
#  Modification time never checked.
#  File has not been updated.

# Not a target:
objectFiles/ft_cleanstr.o:
#  Implicit rule search has not been done.
#  Modification time never checked.
#  File has not been updated.

# Not a target:
objectFiles/ft_memset.o:
#  Implicit rule search has not been done.
#  Modification time never checked.
#  File has not been updated.

# Not a target:
objectFiles/ft_display_file.o:
#  Implicit rule search has not been done.
#  Modification time never checked.
#  File has not been updated.

# Not a target:
objectFiles/ft_swap.o:
#  Implicit rule search has not been done.
#  Modification time never checked.
#  File has not been updated.

# Not a target:
.DEFAULT:
#  Implicit rule search has not been done.
#  Modification time never checked.
#  File has not been updated.

# Not a target:
objectFiles/ft_tolower.o:
#  Implicit rule search has not been done.
#  Modification time never checked.
#  File has not been updated.

# Not a target:
objectFiles/ft_isdoubleneg.o:
#  Implicit rule search has not been done.
#  Modification time never checked.
#  File has not been updated.

# Not a target:
objectFiles/ft_strrchr.o:
#  Implicit rule search has not been done.
#  Modification time never checked.
#  File has not been updated.

# Not a target:
objectFiles/ft_memalloc.o:
#  Implicit rule search has not been done.
#  Modification time never checked.
#  File has not been updated.

# Not a target:
objectFiles/ft_strjoin.o:
#  Implicit rule search has not been done.
#  Modification time never checked.
#  File has not been updated.

re: fclean all clean
#  Implicit rule search has not been done.
#  Modification time never checked.
#  File has not been updated.

clean:
#  Implicit rule search has not been done.
#  Modification time never checked.
#  File has not been updated.
#  commands to execute (from `Makefile', line 65):
	@$(RM_DIR) $(OBJ_DIR)
	@echo "LIBFT: Object Files directory has been deleted"
	

# Not a target:
objectFiles/ft_strlcat.o:
#  Implicit rule search has not been done.
#  Modification time never checked.
#  File has not been updated.

# Not a target:
objectFiles/ft_abs_int.o:
#  Implicit rule search has not been done.
#  Modification time never checked.
#  File has not been updated.

# Not a target:
objectFiles/ft_ll_itoa.o:
#  Implicit rule search has not been done.
#  Modification time never checked.
#  File has not been updated.

# Not a target:
objectFiles/ft_strncat.o:
#  Implicit rule search has not been done.
#  Modification time never checked.
#  File has not been updated.

# Not a target:
objectFiles/ft_charjoin.o:
#  Implicit rule search has not been done.
#  Modification time never checked.
#  File has not been updated.

# Not a target:
objectFiles/ft_putstr.o:
#  Implicit rule search has not been done.
#  Modification time never checked.
#  File has not been updated.

# Not a target:
objectFiles/ft_bzero.o:
#  Implicit rule search has not been done.
#  Modification time never checked.
#  File has not been updated.

# Not a target:
objectFiles/ft_strjoin_replace.o:
#  Implicit rule search has not been done.
#  Modification time never checked.
#  File has not been updated.

# Not a target:
objectFiles/ft_isprint.o:
#  Implicit rule search has not been done.
#  Modification time never checked.
#  File has not been updated.

# Not a target:
objectFiles/ft_strcat.o:
#  Implicit rule search has not been done.
#  Modification time never checked.
#  File has not been updated.

# Not a target:
objectFiles/ft_isintneg.o:
#  Implicit rule search has not been done.
#  Modification time never checked.
#  File has not been updated.

# Not a target:
srcs/ft_putchar.c:
#  Implicit rule search has been done.
#  Last modified 2022-05-05 11:21:49
#  File has been updated.
#  Successfully updated.
# variable set hash-table stats:
# Load=0/32=0%, Rehash=0, Collisions=0/0=0%

# Not a target:
objectFiles/ft_strsplit.o:
#  Implicit rule search has not been done.
#  Modification time never checked.
#  File has not been updated.

# Not a target:
objectFiles/ft_striter.o:
#  Implicit rule search has not been done.
#  Modification time never checked.
#  File has not been updated.

objectFiles/ft_putchar.o: srcs/ft_putchar.c
#  Implicit rule search has been done.
#  Implicit/static pattern stem: `ft_putchar'
#  File does not exist.
#  File has been updated.
#  Needs to be updated (-q is set).
# automatic
# @ := objectFiles/ft_putchar.o
# automatic
# % := 
# automatic
# * := ft_putchar
# automatic
# + := srcs/ft_putchar.c
# automatic
# | := 
# automatic
# < := srcs/ft_putchar.c
# automatic
# ^ := srcs/ft_putchar.c
# automatic
# ? := srcs/ft_putchar.c
# variable set hash-table stats:
# Load=8/32=25%, Rehash=0, Collisions=1/15=7%
#  commands to execute (from `Makefile', line 61):
	@mkdir -p $(OBJ_DIR)
	@$(CC) $(CCFLAGS) -o $@ -c $<
	

# Not a target:
 
objectFiles/ft_get_next_line.o:
#  Implicit rule search has not been done.
#  Modification time never checked.
#  File has not been updated.

# Not a target:
objectFiles/ft_lstnew.o:
#  Implicit rule search has not been done.
#  Modification time never checked.
#  File has not been updated.

# Not a target:
objectFiles/ft_isascii.o:
#  Implicit rule search has not been done.
#  Modification time never checked.
#  File has not been updated.

# Not a target:
objectFiles/ft_putendl.o:
#  Implicit rule search has not been done.
#  Modification time never checked.
#  File has not been updated.

# Not a target:
objectFiles/ft_striteri.o:
#  Implicit rule search has not been done.
#  Modification time never checked.
#  File has not been updated.

# Not a target:
objectFiles/ft_reversestr.o:
#  Implicit rule search has not been done.
#  Modification time never checked.
#  File has not been updated.

# Not a target:
objectFiles/ft_isalpha.o:
#  Implicit rule search has not been done.
#  Modification time never checked.
#  File has not been updated.

# files hash-table stats:
# Load=90/1024=9%, Rehash=0, Collisions=22/193=11%
# VPATH Search Paths

# No `vpath' search paths.

# No general (`VPATH' variable) search path.

# # of strings in strcache: 1
# # of strcache buffers: 1
# strcache size: total = 4096 / max = 4096 / min = 4096 / avg = 4096
# strcache free: total = 4087 / max = 4087 / min = 4087 / avg = 4087

# Finished Make data base on Mon May 30 15:26:01 2022

 
